# JRE version: OpenJDK Runtime Environment (8.0_45-b14) (build 1.8.0_45-internal-b14)
# Java VM: OpenJDK 64-Bit Server VM (25.45-b02 mixed mode linux-amd64 compressed oops)
Heap:
 PSYoungGen      total 134144K, used 11245K [0x00000000ebf00000, 0x00000000f5000000, 0x0000000100000000)
  eden space 122880K, 0% used [0x00000000ebf00000,0x00000000ebf00000,0x00000000f3700000)
  from space 11264K, 99% used [0x00000000f3700000,0x00000000f41fb758,0x00000000f4200000)
  to   space 8192K, 0% used [0x00000000f4200000,0x00000000f4200000,0x00000000f4a00000)
 ParOldGen       total 42496K, used 17809K [0x00000000c3c00000, 0x00000000c6580000, 0x00000000ebf00000)
  object space 42496K, 41% used [0x00000000c3c00000,0x00000000c4d646a0,0x00000000c6580000)
 Metaspace       used 17592K, capacity 18096K, committed 18304K, reserved 1064960K
  class space    used 1921K, capacity 2102K, committed 2176K, reserved 1048576K
GC Heap History (10 events):
Event: 4.963 GC heap after
Heap after GC invocations=4 (full 0):
 PSYoungGen      total 34304K, used 2544K [0x00000000ebf00000, 0x00000000ee300000, 0x0000000100000000)
  eden space 31744K, 0% used [0x00000000ebf00000,0x00000000ebf00000,0x00000000ede00000)
  from space 2560K, 99% used [0x00000000ee080000,0x00000000ee2fc010,0x00000000ee300000)
  to   space 2560K, 0% used [0x00000000ede00000,0x00000000ede00000,0x00000000ee080000)
 ParOldGen       total 42496K, used 5113K [0x00000000c3c00000, 0x00000000c6580000, 0x00000000ebf00000)
  object space 42496K, 12% used [0x00000000c3c00000,0x00000000c40fe678,0x00000000c6580000)
 Metaspace       used 8622K, capacity 8902K, committed 9088K, reserved 1056768K
  class space    used 950K, capacity 1041K, committed 1152K, reserved 1048576K
}
Event: 5.983 GC heap before
{Heap before GC invocations=5 (full 0):
 PSYoungGen      total 34304K, used 34288K [0x00000000ebf00000, 0x00000000ee300000, 0x0000000100000000)
  eden space 31744K, 100% used [0x00000000ebf00000,0x00000000ede00000,0x00000000ede00000)
  from space 2560K, 99% used [0x00000000ee080000,0x00000000ee2fc010,0x00000000ee300000)
  to   space 2560K, 0% used [0x00000000ede00000,0x00000000ede00000,0x00000000ee080000)
 ParOldGen       total 42496K, used 5113K [0x00000000c3c00000, 0x00000000c6580000, 0x00000000ebf00000)
  object space 42496K, 12% used [0x00000000c3c00000,0x00000000c40fe678,0x00000000c6580000)
 Metaspace       used 8884K, capacity 9132K, committed 9344K, reserved 1056768K
  class space    used 955K, capacity 1074K, committed 1152K, reserved 1048576K
Event: 6.008 GC heap after
Heap after GC invocations=5 (full 0):
 PSYoungGen      total 34304K, used 2544K [0x00000000ebf00000, 0x00000000f0800000, 0x0000000100000000)
  eden space 31744K, 0% used [0x00000000ebf00000,0x00000000ebf00000,0x00000000ede00000)
  from space 2560K, 99% used [0x00000000ede00000,0x00000000ee07c010,0x00000000ee080000)
  to   space 5632K, 0% used [0x00000000f0280000,0x00000000f0280000,0x00000000f0800000)
 ParOldGen       total 42496K, used 7593K [0x00000000c3c00000, 0x00000000c6580000, 0x00000000ebf00000)
  object space 42496K, 17% used [0x00000000c3c00000,0x00000000c436a520,0x00000000c6580000)
 Metaspace       used 8884K, capacity 9132K, committed 9344K, reserved 1056768K
  class space    used 955K, capacity 1074K, committed 1152K, reserved 1048576K
}
Event: 6.955 GC heap before
{Heap before GC invocations=6 (full 0):
 PSYoungGen      total 34304K, used 34288K [0x00000000ebf00000, 0x00000000f0800000, 0x0000000100000000)
  eden space 31744K, 100% used [0x00000000ebf00000,0x00000000ede00000,0x00000000ede00000)
  from space 2560K, 99% used [0x00000000ede00000,0x00000000ee07c010,0x00000000ee080000)
  to   space 5632K, 0% used [0x00000000f0280000,0x00000000f0280000,0x00000000f0800000)
 ParOldGen       total 42496K, used 7593K [0x00000000c3c00000, 0x00000000c6580000, 0x00000000ebf00000)
  object space 42496K, 17% used [0x00000000c3c00000,0x00000000c436a520,0x00000000c6580000)
 Metaspace       used 9155K, capacity 9508K, committed 9600K, reserved 1058816K
  class space    used 976K, capacity 1114K, committed 1152K, reserved 1048576K
Event: 6.987 GC heap after
Heap after GC invocations=6 (full 0):
 PSYoungGen      total 68608K, used 5326K [0x00000000ebf00000, 0x00000000f0900000, 0x0000000100000000)
  eden space 62976K, 0% used [0x00000000ebf00000,0x00000000ebf00000,0x00000000efc80000)
  from space 5632K, 94% used [0x00000000f0280000,0x00000000f07b3900,0x00000000f0800000)
  to   space 6144K, 0% used [0x00000000efc80000,0x00000000efc80000,0x00000000f0280000)
 ParOldGen       total 42496K, used 7593K [0x00000000c3c00000, 0x00000000c6580000, 0x00000000ebf00000)
  object space 42496K, 17% used [0x00000000c3c00000,0x00000000c436a520,0x00000000c6580000)
 Metaspace       used 9155K, capacity 9508K, committed 9600K, reserved 1058816K
  class space    used 976K, capacity 1114K, committed 1152K, reserved 1048576K
}
Event: 8.292 GC heap before
{Heap before GC invocations=7 (full 0):
 PSYoungGen      total 68608K, used 68302K [0x00000000ebf00000, 0x00000000f0900000, 0x0000000100000000)
  eden space 62976K, 100% used [0x00000000ebf00000,0x00000000efc80000,0x00000000efc80000)
  from space 5632K, 94% used [0x00000000f0280000,0x00000000f07b3900,0x00000000f0800000)
  to   space 6144K, 0% used [0x00000000efc80000,0x00000000efc80000,0x00000000f0280000)
 ParOldGen       total 42496K, used 7593K [0x00000000c3c00000, 0x00000000c6580000, 0x00000000ebf00000)
  object space 42496K, 17% used [0x00000000c3c00000,0x00000000c436a520,0x00000000c6580000)
 Metaspace       used 9325K, capacity 9642K, committed 9856K, reserved 1058816K
  class space    used 977K, capacity 1115K, committed 1152K, reserved 1048576K
Event: 8.325 GC heap after
Heap after GC invocations=7 (full 0):
 PSYoungGen      total 69120K, used 6131K [0x00000000ebf00000, 0x00000000f4a00000, 0x0000000100000000)
  eden space 62976K, 0% used [0x00000000ebf00000,0x00000000ebf00000,0x00000000efc80000)
  from space 6144K, 99% used [0x00000000efc80000,0x00000000f027cf70,0x00000000f0280000)
  to   space 8192K, 0% used [0x00000000f4200000,0x00000000f4200000,0x00000000f4a00000)
 ParOldGen       total 42496K, used 10856K [0x00000000c3c00000, 0x00000000c6580000, 0x00000000ebf00000)
  object space 42496K, 25% used [0x00000000c3c00000,0x00000000c469a288,0x00000000c6580000)
 Metaspace       used 9325K, capacity 9642K, committed 9856K, reserved 1058816K
  class space    used 977K, capacity 1115K, committed 1152K, reserved 1048576K
}
Event: 12.811 GC heap before
{Heap before GC invocations=8 (full 0):
 PSYoungGen      total 69120K, used 69107K [0x00000000ebf00000, 0x00000000f4a00000, 0x0000000100000000)
  eden space 62976K, 100% used [0x00000000ebf00000,0x00000000efc80000,0x00000000efc80000)
  from space 6144K, 99% used [0x00000000efc80000,0x00000000f027cf70,0x00000000f0280000)
  to   space 8192K, 0% used [0x00000000f4200000,0x00000000f4200000,0x00000000f4a00000)
 ParOldGen       total 42496K, used 10856K [0x00000000c3c00000, 0x00000000c6580000, 0x00000000ebf00000)
  object space 42496K, 25% used [0x00000000c3c00000,0x00000000c469a288,0x00000000c6580000)
 Metaspace       used 14689K, capacity 15116K, committed 15360K, reserved 1062912K
  class space    used 1607K, capacity 1772K, committed 1792K, reserved 1048576K
Event: 12.868 GC heap after
Heap after GC invocations=8 (full 0):
 PSYoungGen      total 131072K, used 8183K [0x00000000ebf00000, 0x00000000f5000000, 0x0000000100000000)
  eden space 122880K, 0% used [0x00000000ebf00000,0x00000000ebf00000,0x00000000f3700000)
  from space 8192K, 99% used [0x00000000f4200000,0x00000000f49fdd20,0x00000000f4a00000)
  to   space 11264K, 0% used [0x00000000f3700000,0x00000000f3700000,0x00000000f4200000)
 ParOldGen       total 42496K, used 15522K [0x00000000c3c00000, 0x00000000c6580000, 0x00000000ebf00000)
  object space 42496K, 36% used [0x00000000c3c00000,0x00000000c4b28a30,0x00000000c6580000)
 Metaspace       used 14689K, capacity 15116K, committed 15360K, reserved 1062912K
  class space    used 1607K, capacity 1772K, committed 1792K, reserved 1048576K
}
Event: 29.832 GC heap before
{Heap before GC invocations=9 (full 0):
 PSYoungGen      total 131072K, used 131063K [0x00000000ebf00000, 0x00000000f5000000, 0x0000000100000000)
  eden space 122880K, 100% used [0x00000000ebf00000,0x00000000f3700000,0x00000000f3700000)
  from space 8192K, 99% used [0x00000000f4200000,0x00000000f49fdd20,0x00000000f4a00000)
  to   space 11264K, 0% used [0x00000000f3700000,0x00000000f3700000,0x00000000f4200000)
 ParOldGen       total 42496K, used 15522K [0x00000000c3c00000, 0x00000000c6580000, 0x00000000ebf00000)
  object space 42496K, 36% used [0x00000000c3c00000,0x00000000c4b28a30,0x00000000c6580000)
 Metaspace       used 17592K, capacity 18096K, committed 18304K, reserved 1064960K
  class space    used 1921K, capacity 2102K, committed 2176K, reserved 1048576K

