# JRE version: OpenJDK Runtime Environment (8.0_45-b14) (build 1.8.0_45-internal-b14)
# Java VM: OpenJDK 64-Bit Server VM (25.45-b02 mixed mode linux-amd64 compressed oops)
Heap:
 PSYoungGen      total 134656K, used 9713K [0x00000000ebf00000, 0x00000000f4d00000, 0x0000000100000000)
  eden space 124928K, 0% used [0x00000000ebf00000,0x00000000ebf00000,0x00000000f3900000)
  from space 9728K, 99% used [0x00000000f3900000,0x00000000f427c640,0x00000000f4280000)
  to   space 8704K, 0% used [0x00000000f4280000,0x00000000f4280000,0x00000000f4b00000)
 ParOldGen       total 42496K, used 21862K [0x00000000c3c00000, 0x00000000c6580000, 0x00000000ebf00000)
  object space 42496K, 51% used [0x00000000c3c00000,0x00000000c51598f0,0x00000000c6580000)
 Metaspace       used 20679K, capacity 21110K, committed 21248K, reserved 1069056K
  class space    used 2352K, capacity 2525K, committed 2560K, reserved 1048576K
GC Heap History (10 events):
Event: 4.292 GC heap after
Heap after GC invocations=4 (full 0):
 PSYoungGen      total 34304K, used 2528K [0x00000000ebf00000, 0x00000000ee300000, 0x0000000100000000)
  eden space 31744K, 0% used [0x00000000ebf00000,0x00000000ebf00000,0x00000000ede00000)
  from space 2560K, 98% used [0x00000000ee080000,0x00000000ee2f8020,0x00000000ee300000)
  to   space 2560K, 0% used [0x00000000ede00000,0x00000000ede00000,0x00000000ee080000)
 ParOldGen       total 42496K, used 5132K [0x00000000c3c00000, 0x00000000c6580000, 0x00000000ebf00000)
  object space 42496K, 12% used [0x00000000c3c00000,0x00000000c4103248,0x00000000c6580000)
 Metaspace       used 8768K, capacity 8994K, committed 9088K, reserved 1056768K
  class space    used 974K, capacity 1073K, committed 1152K, reserved 1048576K
}
Event: 5.170 GC heap before
{Heap before GC invocations=5 (full 0):
 PSYoungGen      total 34304K, used 34272K [0x00000000ebf00000, 0x00000000ee300000, 0x0000000100000000)
  eden space 31744K, 100% used [0x00000000ebf00000,0x00000000ede00000,0x00000000ede00000)
  from space 2560K, 98% used [0x00000000ee080000,0x00000000ee2f8020,0x00000000ee300000)
  to   space 2560K, 0% used [0x00000000ede00000,0x00000000ede00000,0x00000000ee080000)
 ParOldGen       total 42496K, used 5132K [0x00000000c3c00000, 0x00000000c6580000, 0x00000000ebf00000)
  object space 42496K, 12% used [0x00000000c3c00000,0x00000000c4103248,0x00000000c6580000)
 Metaspace       used 9008K, capacity 9256K, committed 9344K, reserved 1056768K
  class space    used 979K, capacity 1074K, committed 1152K, reserved 1048576K
Event: 5.216 GC heap after
Heap after GC invocations=5 (full 0):
 PSYoungGen      total 34304K, used 2544K [0x00000000ebf00000, 0x00000000f0800000, 0x0000000100000000)
  eden space 31744K, 0% used [0x00000000ebf00000,0x00000000ebf00000,0x00000000ede00000)
  from space 2560K, 99% used [0x00000000ede00000,0x00000000ee07c010,0x00000000ee080000)
  to   space 5632K, 0% used [0x00000000f0280000,0x00000000f0280000,0x00000000f0800000)
 ParOldGen       total 42496K, used 7670K [0x00000000c3c00000, 0x00000000c6580000, 0x00000000ebf00000)
  object space 42496K, 18% used [0x00000000c3c00000,0x00000000c437d888,0x00000000c6580000)
 Metaspace       used 9008K, capacity 9256K, committed 9344K, reserved 1056768K
  class space    used 979K, capacity 1074K, committed 1152K, reserved 1048576K
}
Event: 6.212 GC heap before
{Heap before GC invocations=6 (full 0):
 PSYoungGen      total 34304K, used 34288K [0x00000000ebf00000, 0x00000000f0800000, 0x0000000100000000)
  eden space 31744K, 100% used [0x00000000ebf00000,0x00000000ede00000,0x00000000ede00000)
  from space 2560K, 99% used [0x00000000ede00000,0x00000000ee07c010,0x00000000ee080000)
  to   space 5632K, 0% used [0x00000000f0280000,0x00000000f0280000,0x00000000f0800000)
 ParOldGen       total 42496K, used 7670K [0x00000000c3c00000, 0x00000000c6580000, 0x00000000ebf00000)
  object space 42496K, 18% used [0x00000000c3c00000,0x00000000c437d888,0x00000000c6580000)
 Metaspace       used 9278K, capacity 9568K, committed 9856K, reserved 1058816K
  class space    used 1000K, capacity 1114K, committed 1152K, reserved 1048576K
Event: 6.246 GC heap after
Heap after GC invocations=6 (full 0):
 PSYoungGen      total 68608K, used 5338K [0x00000000ebf00000, 0x00000000f0900000, 0x0000000100000000)
  eden space 62976K, 0% used [0x00000000ebf00000,0x00000000ebf00000,0x00000000efc80000)
  from space 5632K, 94% used [0x00000000f0280000,0x00000000f07b6970,0x00000000f0800000)
  to   space 6144K, 0% used [0x00000000efc80000,0x00000000efc80000,0x00000000f0280000)
 ParOldGen       total 42496K, used 7678K [0x00000000c3c00000, 0x00000000c6580000, 0x00000000ebf00000)
  object space 42496K, 18% used [0x00000000c3c00000,0x00000000c437f888,0x00000000c6580000)
 Metaspace       used 9278K, capacity 9568K, committed 9856K, reserved 1058816K
  class space    used 1000K, capacity 1114K, committed 1152K, reserved 1048576K
}
Event: 9.050 GC heap before
{Heap before GC invocations=7 (full 0):
 PSYoungGen      total 68608K, used 68314K [0x00000000ebf00000, 0x00000000f0900000, 0x0000000100000000)
  eden space 62976K, 100% used [0x00000000ebf00000,0x00000000efc80000,0x00000000efc80000)
  from space 5632K, 94% used [0x00000000f0280000,0x00000000f07b6970,0x00000000f0800000)
  to   space 6144K, 0% used [0x00000000efc80000,0x00000000efc80000,0x00000000f0280000)
 ParOldGen       total 42496K, used 7678K [0x00000000c3c00000, 0x00000000c6580000, 0x00000000ebf00000)
  object space 42496K, 18% used [0x00000000c3c00000,0x00000000c437f888,0x00000000c6580000)
 Metaspace       used 9449K, capacity 9766K, committed 9856K, reserved 1058816K
  class space    used 1000K, capacity 1115K, committed 1152K, reserved 1048576K
Event: 9.109 GC heap after
Heap after GC invocations=7 (full 0):
 PSYoungGen      total 69120K, used 6131K [0x00000000ebf00000, 0x00000000f4b00000, 0x0000000100000000)
  eden space 62976K, 0% used [0x00000000ebf00000,0x00000000ebf00000,0x00000000efc80000)
  from space 6144K, 99% used [0x00000000efc80000,0x00000000f027cf70,0x00000000f0280000)
  to   space 8704K, 0% used [0x00000000f4280000,0x00000000f4280000,0x00000000f4b00000)
 ParOldGen       total 42496K, used 11049K [0x00000000c3c00000, 0x00000000c6580000, 0x00000000ebf00000)
  object space 42496K, 26% used [0x00000000c3c00000,0x00000000c46ca600,0x00000000c6580000)
 Metaspace       used 9449K, capacity 9766K, committed 9856K, reserved 1058816K
  class space    used 1000K, capacity 1115K, committed 1152K, reserved 1048576K
}
Event: 9.967 GC heap before
{Heap before GC invocations=8 (full 0):
 PSYoungGen      total 69120K, used 69107K [0x00000000ebf00000, 0x00000000f4b00000, 0x0000000100000000)
  eden space 62976K, 100% used [0x00000000ebf00000,0x00000000efc80000,0x00000000efc80000)
  from space 6144K, 99% used [0x00000000efc80000,0x00000000f027cf70,0x00000000f0280000)
  to   space 8704K, 0% used [0x00000000f4280000,0x00000000f4280000,0x00000000f4b00000)
 ParOldGen       total 42496K, used 11049K [0x00000000c3c00000, 0x00000000c6580000, 0x00000000ebf00000)
  object space 42496K, 26% used [0x00000000c3c00000,0x00000000c46ca600,0x00000000c6580000)
 Metaspace       used 9785K, capacity 10152K, committed 10496K, reserved 1058816K
  class space    used 1027K, capacity 1158K, committed 1280K, reserved 1048576K
Event: 10.034 GC heap after
Heap after GC invocations=8 (full 0):
 PSYoungGen      total 133632K, used 8270K [0x00000000ebf00000, 0x00000000f4d00000, 0x0000000100000000)
  eden space 124928K, 0% used [0x00000000ebf00000,0x00000000ebf00000,0x00000000f3900000)
  from space 8704K, 95% used [0x00000000f4280000,0x00000000f4a93b60,0x00000000f4b00000)
  to   space 9728K, 0% used [0x00000000f3900000,0x00000000f3900000,0x00000000f4280000)
 ParOldGen       total 42496K, used 12033K [0x00000000c3c00000, 0x00000000c6580000, 0x00000000ebf00000)
  object space 42496K, 28% used [0x00000000c3c00000,0x00000000c47c0600,0x00000000c6580000)
 Metaspace       used 9785K, capacity 10152K, committed 10496K, reserved 1058816K
  class space    used 1027K, capacity 1158K, committed 1280K, reserved 1048576K
}
Event: 60.538 GC heap before
{Heap before GC invocations=9 (full 0):
 PSYoungGen      total 133632K, used 133198K [0x00000000ebf00000, 0x00000000f4d00000, 0x0000000100000000)
  eden space 124928K, 100% used [0x00000000ebf00000,0x00000000f3900000,0x00000000f3900000)
  from space 8704K, 95% used [0x00000000f4280000,0x00000000f4a93b60,0x00000000f4b00000)
  to   space 9728K, 0% used [0x00000000f3900000,0x00000000f3900000,0x00000000f4280000)
 ParOldGen       total 42496K, used 12033K [0x00000000c3c00000, 0x00000000c6580000, 0x00000000ebf00000)
  object space 42496K, 28% used [0x00000000c3c00000,0x00000000c47c0600,0x00000000c6580000)
 Metaspace       used 20679K, capacity 21110K, committed 21248K, reserved 1069056K
  class space    used 2352K, capacity 2525K, committed 2560K, reserved 1048576K

